[2020-10-14 14:21:57.943] [info] Updating Model file from 20303 to latest format...
[2020-10-14 14:21:58.029] [info] Loaded model 3DGaitModel2392 from file /Users/hsor001/Projects/musculoskeletal/MC/server/backend/geom/data/gait2392_simbody.osim
[2020-10-14 14:21:58.032] [warning] Couldn't find file 'treadmill.vtp'.
[2020-10-14 14:21:58.032] [warning] Couldn't find file 'sacrum.vtp'.
[2020-10-14 14:21:58.032] [warning] Couldn't find file 'pelvis.vtp'.
[2020-10-14 14:21:58.032] [warning] Couldn't find file 'l_pelvis.vtp'.
[2020-10-14 14:21:58.033] [warning] Couldn't find file 'femur.vtp'.
[2020-10-14 14:21:58.033] [warning] Couldn't find file 'tibia.vtp'.
[2020-10-14 14:21:58.033] [warning] Couldn't find file 'fibula.vtp'.
[2020-10-14 14:21:58.033] [warning] Couldn't find file 'talus.vtp'.
[2020-10-14 14:21:58.033] [warning] Couldn't find file 'foot.vtp'.
[2020-10-14 14:21:58.033] [warning] Couldn't find file 'bofoot.vtp'.
[2020-10-14 14:21:58.033] [warning] Couldn't find file 'l_femur.vtp'.
[2020-10-14 14:21:58.033] [warning] Couldn't find file 'l_tibia.vtp'.
[2020-10-14 14:21:58.033] [warning] Couldn't find file 'l_fibula.vtp'.
[2020-10-14 14:21:58.033] [warning] Couldn't find file 'l_talus.vtp'.
[2020-10-14 14:21:58.033] [warning] Couldn't find file 'l_foot.vtp'.
[2020-10-14 14:21:58.033] [warning] Couldn't find file 'l_bofoot.vtp'.
[2020-10-14 14:21:58.033] [warning] Couldn't find file 'hat_spine.vtp'.
[2020-10-14 14:21:58.033] [warning] Couldn't find file 'hat_jaw.vtp'.
[2020-10-14 14:21:58.033] [warning] Couldn't find file 'hat_skull.vtp'.
[2020-10-14 14:21:58.033] [warning] Couldn't find file 'hat_ribs.vtp'.
[2020-10-14 14:21:58.034] [info] ControllerSet 'Controllers' was renamed and is being reset to 'controllerset'.
[2020-10-14 14:21:58.036] [info] ComponentSet 'MiscComponents' was renamed and is being reset to 'componentset'.
[2020-10-14 14:34:02.787] [info] Updating Model file from 20303 to latest format...
[2020-10-14 14:34:02.868] [info] Loaded model 3DGaitModel2392 from file /Users/hsor001/Projects/musculoskeletal/MC/server/backend/geom/data/gait2392_simbody.osim
[2020-10-14 14:34:02.870] [warning] Couldn't find file 'treadmill.vtp'.
[2020-10-14 14:34:02.870] [warning] Couldn't find file 'sacrum.vtp'.
[2020-10-14 14:34:02.870] [warning] Couldn't find file 'pelvis.vtp'.
[2020-10-14 14:34:02.870] [warning] Couldn't find file 'l_pelvis.vtp'.
[2020-10-14 14:34:02.871] [warning] Couldn't find file 'femur.vtp'.
[2020-10-14 14:34:02.871] [warning] Couldn't find file 'tibia.vtp'.
[2020-10-14 14:34:02.871] [warning] Couldn't find file 'fibula.vtp'.
[2020-10-14 14:34:02.871] [warning] Couldn't find file 'talus.vtp'.
[2020-10-14 14:34:02.871] [warning] Couldn't find file 'foot.vtp'.
[2020-10-14 14:34:02.871] [warning] Couldn't find file 'bofoot.vtp'.
[2020-10-14 14:34:02.871] [warning] Couldn't find file 'l_femur.vtp'.
[2020-10-14 14:34:02.871] [warning] Couldn't find file 'l_tibia.vtp'.
[2020-10-14 14:34:02.872] [warning] Couldn't find file 'l_fibula.vtp'.
[2020-10-14 14:34:02.872] [warning] Couldn't find file 'l_talus.vtp'.
[2020-10-14 14:34:02.872] [warning] Couldn't find file 'l_foot.vtp'.
[2020-10-14 14:34:02.872] [warning] Couldn't find file 'l_bofoot.vtp'.
[2020-10-14 14:34:02.872] [warning] Couldn't find file 'hat_spine.vtp'.
[2020-10-14 14:34:02.872] [warning] Couldn't find file 'hat_jaw.vtp'.
[2020-10-14 14:34:02.872] [warning] Couldn't find file 'hat_skull.vtp'.
[2020-10-14 14:34:02.872] [warning] Couldn't find file 'hat_ribs.vtp'.
[2020-10-14 14:34:02.872] [info] ControllerSet 'Controllers' was renamed and is being reset to 'controllerset'.
[2020-10-14 14:34:02.875] [info] ComponentSet 'MiscComponents' was renamed and is being reset to 'componentset'.
[2020-10-14 15:21:11.717] [info] Updating Model file from 20303 to latest format...
[2020-10-14 15:21:11.812] [info] Loaded model 3DGaitModel2392 from file /Users/hsor001/Projects/musculoskeletal/MC/server/backend/geom/data/gait2392_simbody.osim
[2020-10-14 15:21:11.813] [warning] Couldn't find file 'treadmill.vtp'.
[2020-10-14 15:21:11.813] [warning] Couldn't find file 'sacrum.vtp'.
[2020-10-14 15:21:11.813] [warning] Couldn't find file 'pelvis.vtp'.
[2020-10-14 15:21:11.813] [warning] Couldn't find file 'l_pelvis.vtp'.
[2020-10-14 15:21:11.814] [warning] Couldn't find file 'femur.vtp'.
[2020-10-14 15:21:11.814] [warning] Couldn't find file 'tibia.vtp'.
[2020-10-14 15:21:11.814] [warning] Couldn't find file 'fibula.vtp'.
[2020-10-14 15:21:11.814] [warning] Couldn't find file 'talus.vtp'.
[2020-10-14 15:21:11.814] [warning] Couldn't find file 'foot.vtp'.
[2020-10-14 15:21:11.814] [warning] Couldn't find file 'bofoot.vtp'.
[2020-10-14 15:21:11.814] [warning] Couldn't find file 'l_femur.vtp'.
[2020-10-14 15:21:11.814] [warning] Couldn't find file 'l_tibia.vtp'.
[2020-10-14 15:21:11.814] [warning] Couldn't find file 'l_fibula.vtp'.
[2020-10-14 15:21:11.814] [warning] Couldn't find file 'l_talus.vtp'.
[2020-10-14 15:21:11.814] [warning] Couldn't find file 'l_foot.vtp'.
[2020-10-14 15:21:11.814] [warning] Couldn't find file 'l_bofoot.vtp'.
[2020-10-14 15:21:11.814] [warning] Couldn't find file 'hat_spine.vtp'.
[2020-10-14 15:21:11.815] [warning] Couldn't find file 'hat_jaw.vtp'.
[2020-10-14 15:21:11.815] [warning] Couldn't find file 'hat_skull.vtp'.
[2020-10-14 15:21:11.815] [warning] Couldn't find file 'hat_ribs.vtp'.
[2020-10-14 15:21:11.815] [info] ControllerSet 'Controllers' was renamed and is being reset to 'controllerset'.
[2020-10-14 15:21:11.819] [info] ComponentSet 'MiscComponents' was renamed and is being reset to 'componentset'.
